<?xml version="1.0" encoding="UTF-8"?>
<!-- Generated by org.testng.reporters.JUnitReportReporter -->
<testsuite hostname="DESKTOP-4I0OOIS" failures="0" tests="2" name="com.facebook.test.SignupPageTestClass" time="0.093" errors="0" timestamp="2021-08-28T20:55:53 IST" skipped="1">
  <testcase classname="com.facebook.test.SignupPageTestClass" name="signupPageTxtBoxTest" time="0.093"/>
  <system-out/>
  <testcase classname="com.facebook.test.SignupPageTestClass" name="verifyRadioBtn">
    <skipped/>
  </testcase> <!-- verifyRadioBtn -->
  <system-out/>
</testsuite> <!-- com.facebook.test.SignupPageTestClass -->
